[INFO ] 2021-11-26 09:26:21.523 [main] Hook - TESTE INICIADO: CT001 - Adicionar item financiável a pré-proposta
[INFO ] 2021-11-26 09:26:34.831 [main] BrowserManager - [TAB 1] - New tab created in browser.
[INFO ] 2021-11-26 09:26:38.109 [main] DataYaml - Pegando arquivo Usuarios.yaml com a massa de dados do ambiente hml
[INFO ] 2021-11-26 09:26:38.398 [main] DataYaml - Retornando objeto HashMap com a massa de dados do arquivo Usuarios com titulo credenciais
[INFO ] 2021-11-26 09:26:38.491 [main] DataYaml - Pegando arquivo Usuarios.yaml com a massa de dados do ambiente hml
[INFO ] 2021-11-26 09:26:38.496 [main] DataYaml - Retornando objeto HashMap com a massa de dados do arquivo Usuarios com titulo credenciais
[INFO ] 2021-11-26 09:26:47.699 [main] Report - Tirando print screen da tela
[INFO ] 2021-11-26 09:26:48.793 [main] Report - Tirando print screen da tela
[INFO ] 2021-11-26 09:26:50.889 [main] Report - Tirando print screen da tela
[INFO ] 2021-11-26 09:26:51.310 [main] Report - Tirando print screen da tela
[INFO ] 2021-11-26 09:26:51.856 [main] Report - Tirando print screen da tela
[INFO ] 2021-11-26 09:27:06.320 [main] DataYaml - Pegando arquivo Planos.yaml com a massa de dados do ambiente hml
[INFO ] 2021-11-26 09:27:06.332 [main] DataYaml - Retornando objeto HashMap com a massa de dados do arquivo Planos com titulo tabela
[INFO ] 2021-11-26 09:27:06.362 [main] DataYaml - Pegando arquivo Planos.yaml com a massa de dados do ambiente hml
[INFO ] 2021-11-26 09:27:06.365 [main] DataYaml - Retornando objeto HashMap com a massa de dados do arquivo Planos com titulo tabela
[INFO ] 2021-11-26 09:27:17.012 [main] Report - Tirando print screen da tela
[INFO ] 2021-11-26 09:27:19.653 [main] Report - Tirando print screen da tela
[INFO ] 2021-11-26 09:27:25.044 [main] Report - Tirando print screen da tela
[INFO ] 2021-11-26 09:27:26.802 [main] Report - Tirando print screen da tela
[INFO ] 2021-11-26 09:27:26.978 [main] BrowserManager - Driver switched focus to 0 browser tab.
[INFO ] 2021-11-26 09:27:26.978 [main] Hook - TESTE FINALIZADO: CT001 - Adicionar item financiável a pré-proposta
[INFO ] 2021-11-26 09:27:26.978 [main] Hook - TESTE STATUS: PASSED
[INFO ] 2021-11-26 09:27:27.151 [main] Hook - TESTE INICIADO: CT001 - Adicionar item financiável a pré-proposta
[INFO ] 2021-11-26 09:27:27.241 [main] BrowserManager - [TAB 2] - New tab created in browser.
[INFO ] 2021-11-26 09:27:27.395 [main] LoginPage - Login já realizado
[INFO ] 2021-11-26 09:27:29.361 [main] Report - Tirando print screen da tela
[INFO ] 2021-11-26 09:27:29.716 [main] Report - Tirando print screen da tela
[INFO ] 2021-11-26 09:27:31.209 [main] Report - Tirando print screen da tela
[INFO ] 2021-11-26 09:27:31.619 [main] Report - Tirando print screen da tela
[INFO ] 2021-11-26 09:27:32.011 [main] Report - Tirando print screen da tela
[INFO ] 2021-11-26 09:27:45.963 [main] DataYaml - Pegando arquivo Planos.yaml com a massa de dados do ambiente hml
[INFO ] 2021-11-26 09:27:45.966 [main] DataYaml - Retornando objeto HashMap com a massa de dados do arquivo Planos com titulo tabela
[INFO ] 2021-11-26 09:27:45.990 [main] DataYaml - Pegando arquivo Planos.yaml com a massa de dados do ambiente hml
[INFO ] 2021-11-26 09:27:45.992 [main] DataYaml - Retornando objeto HashMap com a massa de dados do arquivo Planos com titulo tabela
[INFO ] 2021-11-26 09:27:56.655 [main] Report - Tirando print screen da tela
[INFO ] 2021-11-26 09:27:59.128 [main] Report - Tirando print screen da tela
[INFO ] 2021-11-26 09:28:04.291 [main] Report - Tirando print screen da tela
[INFO ] 2021-11-26 09:28:09.667 [main] Report - Tirando print screen da tela
[INFO ] 2021-11-26 09:28:09.784 [main] BrowserManager - Driver switched focus to 0 browser tab.
[INFO ] 2021-11-26 09:28:09.784 [main] Hook - TESTE FINALIZADO: CT001 - Adicionar item financiável a pré-proposta
[INFO ] 2021-11-26 09:28:09.784 [main] Hook - TESTE STATUS: PASSED
[INFO ] 2021-11-26 09:28:09.812 [main] Hook - TESTE INICIADO: CT001 - Adicionar item financiável a pré-proposta
[INFO ] 2021-11-26 09:28:09.934 [main] BrowserManager - [TAB 2] - New tab created in browser.
[INFO ] 2021-11-26 09:28:10.178 [main] LoginPage - Login já realizado
[INFO ] 2021-11-26 09:28:15.544 [main] Report - Tirando print screen da tela
[INFO ] 2021-11-26 09:28:15.935 [main] Report - Tirando print screen da tela
